\BOOKMARK [0][-]{chapter.1}{Bibliographie}{}% 1
\BOOKMARK [1][-]{section.1.1}{Qu'est ce qu'ANGULAR}{chapter.1}% 2
\BOOKMARK [1][-]{section.1.2}{L'historique du framework}{chapter.1}% 3
\BOOKMARK [1][-]{section.1.3}{ANGULAR 2, quoi de neuf ?}{chapter.1}% 4
\BOOKMARK [2][-]{subsection.1.3.1}{ECMAScript 6}{section.1.3}% 5
\BOOKMARK [2][-]{subsection.1.3.2}{TypeScript}{section.1.3}% 6
\BOOKMARK [2][-]{subsection.1.3.3}{Web Component}{section.1.3}% 7
\BOOKMARK [2][-]{subsection.1.3.4}{ANGULAR CLI}{section.1.3}% 8
\BOOKMARK [1][-]{section.1.4}{Angular 4, prochaine version majeure}{chapter.1}% 9
\BOOKMARK [1][-]{section.1.5}{D'autres frameworks}{chapter.1}% 10
\BOOKMARK [0][-]{chapter.2}{Projet}{}% 11
\BOOKMARK [1][-]{section.2.1}{Pr\351sentation du projet}{chapter.2}% 12
\BOOKMARK [2][-]{subsection.2.1.1}{Sujet Labo}{section.2.1}% 13
\BOOKMARK [2][-]{subsection.2.1.2}{Back-end}{section.2.1}% 14
\BOOKMARK [1][-]{section.2.2}{ANGULAR}{chapter.2}% 15
\BOOKMARK [2][-]{subsection.2.2.1}{Les composants}{section.2.2}% 16
\BOOKMARK [2][-]{subsection.2.2.2}{DataBinding}{section.2.2}% 17
\BOOKMARK [2][-]{subsection.2.2.3}{Les directives}{section.2.2}% 18
\BOOKMARK [2][-]{subsection.2.2.4}{Services}{section.2.2}% 19
\BOOKMARK [2][-]{subsection.2.2.5}{Routage}{section.2.2}% 20
\BOOKMARK [2][-]{subsection.2.2.6}{Formulaires}{section.2.2}% 21
\BOOKMARK [1][-]{section.2.3}{Pour aller plus loin}{chapter.2}% 22
\BOOKMARK [1][-]{lstnumber.2.21.1}{ANNEXE 1 \205 Routage}{chapter.2}% 23
\BOOKMARK [1][-]{section.2.1}{Fichier client.routing.ts}{chapter.2}% 24
\BOOKMARK [1][-]{lstnumber.-6.7}{ANNEXE 2 \205 Composant d'\351dition client}{chapter.2}% 25
\BOOKMARK [1][-]{section.2.1}{Fichier client-edit.component.ts}{chapter.2}% 26
\BOOKMARK [1][-]{section.2.2}{Fichier client-edit.component.html}{chapter.2}% 27
\BOOKMARK [1][-]{chapter*.10}{R\351f\351rences}{chapter.2}% 28
